

Processing ApplicationController#index (for 127.0.0.1 at 2010-03-20 10:42:45) [GET]

SyntaxError (/Users/guilherme/yahoo/teste/app/controllers/ducks_controller.rb:1: syntax error, unexpected tLSHFT, expecting '<' or '\n' or ';'
class DucksController << ApplicationController
                        ^):
  /Users/guilherme/.rvm/rubies/ruby-1.8.7-p249/lib/ruby/1.8/webrick/httpserver.rb:104:in `service'
  /Users/guilherme/.rvm/rubies/ruby-1.8.7-p249/lib/ruby/1.8/webrick/httpserver.rb:65:in `run'
  /Users/guilherme/.rvm/rubies/ruby-1.8.7-p249/lib/ruby/1.8/webrick/server.rb:173:in `start_thread'
  /Users/guilherme/.rvm/rubies/ruby-1.8.7-p249/lib/ruby/1.8/webrick/server.rb:162:in `start'
  /Users/guilherme/.rvm/rubies/ruby-1.8.7-p249/lib/ruby/1.8/webrick/server.rb:162:in `start_thread'
  /Users/guilherme/.rvm/rubies/ruby-1.8.7-p249/lib/ruby/1.8/webrick/server.rb:95:in `start'
  /Users/guilherme/.rvm/rubies/ruby-1.8.7-p249/lib/ruby/1.8/webrick/server.rb:92:in `each'
  /Users/guilherme/.rvm/rubies/ruby-1.8.7-p249/lib/ruby/1.8/webrick/server.rb:92:in `start'
  /Users/guilherme/.rvm/rubies/ruby-1.8.7-p249/lib/ruby/1.8/webrick/server.rb:23:in `start'
  /Users/guilherme/.rvm/rubies/ruby-1.8.7-p249/lib/ruby/1.8/webrick/server.rb:82:in `start'

Rendered rescues/_trace (87.5ms)
Rendered rescues/_request_and_response (1.4ms)
Rendering rescues/layout (internal_server_error)


Processing ApplicationController#index (for 127.0.0.1 at 2010-03-20 10:42:51) [GET]

SyntaxError (/Users/guilherme/yahoo/teste/app/controllers/ducks_controller.rb:1: syntax error, unexpected tLSHFT, expecting '<' or '\n' or ';'
class DucksController << ApplicationController
                        ^):
  /Users/guilherme/.rvm/rubies/ruby-1.8.7-p249/lib/ruby/1.8/webrick/httpserver.rb:104:in `service'
  /Users/guilherme/.rvm/rubies/ruby-1.8.7-p249/lib/ruby/1.8/webrick/httpserver.rb:65:in `run'
  /Users/guilherme/.rvm/rubies/ruby-1.8.7-p249/lib/ruby/1.8/webrick/server.rb:173:in `start_thread'
  /Users/guilherme/.rvm/rubies/ruby-1.8.7-p249/lib/ruby/1.8/webrick/server.rb:162:in `start'
  /Users/guilherme/.rvm/rubies/ruby-1.8.7-p249/lib/ruby/1.8/webrick/server.rb:162:in `start_thread'
  /Users/guilherme/.rvm/rubies/ruby-1.8.7-p249/lib/ruby/1.8/webrick/server.rb:95:in `start'
  /Users/guilherme/.rvm/rubies/ruby-1.8.7-p249/lib/ruby/1.8/webrick/server.rb:92:in `each'
  /Users/guilherme/.rvm/rubies/ruby-1.8.7-p249/lib/ruby/1.8/webrick/server.rb:92:in `start'
  /Users/guilherme/.rvm/rubies/ruby-1.8.7-p249/lib/ruby/1.8/webrick/server.rb:23:in `start'
  /Users/guilherme/.rvm/rubies/ruby-1.8.7-p249/lib/ruby/1.8/webrick/server.rb:82:in `start'

Rendered rescues/_trace (33.8ms)
Rendered rescues/_request_and_response (0.2ms)
Rendering rescues/layout (internal_server_error)


Processing DucksController#index (for 127.0.0.1 at 2010-03-20 10:43:01) [GET]
  Parameters: {"uri"=>"http://www.google.com"}

NoMethodError (undefined method `host' for "http://www.google.com":String):
  /Users/guilherme/.rvm/rubies/ruby-1.8.7-p249/lib/ruby/1.8/net/http.rb:379:in `get_response'
  /Users/guilherme/.rvm/rubies/ruby-1.8.7-p249/lib/ruby/1.8/net/http.rb:356:in `get'
  app/controllers/ducks_controller.rb:3:in `index'
  /Users/guilherme/.rvm/rubies/ruby-1.8.7-p249/lib/ruby/1.8/webrick/httpserver.rb:104:in `service'
  /Users/guilherme/.rvm/rubies/ruby-1.8.7-p249/lib/ruby/1.8/webrick/httpserver.rb:65:in `run'
  /Users/guilherme/.rvm/rubies/ruby-1.8.7-p249/lib/ruby/1.8/webrick/server.rb:173:in `start_thread'
  /Users/guilherme/.rvm/rubies/ruby-1.8.7-p249/lib/ruby/1.8/webrick/server.rb:162:in `start'
  /Users/guilherme/.rvm/rubies/ruby-1.8.7-p249/lib/ruby/1.8/webrick/server.rb:162:in `start_thread'
  /Users/guilherme/.rvm/rubies/ruby-1.8.7-p249/lib/ruby/1.8/webrick/server.rb:95:in `start'
  /Users/guilherme/.rvm/rubies/ruby-1.8.7-p249/lib/ruby/1.8/webrick/server.rb:92:in `each'
  /Users/guilherme/.rvm/rubies/ruby-1.8.7-p249/lib/ruby/1.8/webrick/server.rb:92:in `start'
  /Users/guilherme/.rvm/rubies/ruby-1.8.7-p249/lib/ruby/1.8/webrick/server.rb:23:in `start'
  /Users/guilherme/.rvm/rubies/ruby-1.8.7-p249/lib/ruby/1.8/webrick/server.rb:82:in `start'

Rendered rescues/_trace (40.6ms)
Rendered rescues/_request_and_response (0.3ms)
Rendering rescues/layout (internal_server_error)


Processing DucksController#index (for 127.0.0.1 at 2010-03-20 10:44:22) [GET]
  Parameters: {"uri"=>"http://www.google.com"}

ArgumentError (HTTP request path is empty):
  /Users/guilherme/.rvm/rubies/ruby-1.8.7-p249/lib/ruby/1.8/net/http.rb:1474:in `initialize'
  /Users/guilherme/.rvm/rubies/ruby-1.8.7-p249/lib/ruby/1.8/net/http.rb:1592:in `initialize'
  /Users/guilherme/.rvm/rubies/ruby-1.8.7-p249/lib/ruby/1.8/net/http.rb:772:in `new'
  /Users/guilherme/.rvm/rubies/ruby-1.8.7-p249/lib/ruby/1.8/net/http.rb:772:in `get'
  app/controllers/ducks_controller.rb:9:in `index'
  /Users/guilherme/.rvm/rubies/ruby-1.8.7-p249/lib/ruby/1.8/net/http.rb:543:in `start'
  /Users/guilherme/.rvm/rubies/ruby-1.8.7-p249/lib/ruby/1.8/net/http.rb:440:in `start'
  app/controllers/ducks_controller.rb:8:in `index'
  /Users/guilherme/.rvm/rubies/ruby-1.8.7-p249/lib/ruby/1.8/webrick/httpserver.rb:104:in `service'
  /Users/guilherme/.rvm/rubies/ruby-1.8.7-p249/lib/ruby/1.8/webrick/httpserver.rb:65:in `run'
  /Users/guilherme/.rvm/rubies/ruby-1.8.7-p249/lib/ruby/1.8/webrick/server.rb:173:in `start_thread'
  /Users/guilherme/.rvm/rubies/ruby-1.8.7-p249/lib/ruby/1.8/webrick/server.rb:162:in `start'
  /Users/guilherme/.rvm/rubies/ruby-1.8.7-p249/lib/ruby/1.8/webrick/server.rb:162:in `start_thread'
  /Users/guilherme/.rvm/rubies/ruby-1.8.7-p249/lib/ruby/1.8/webrick/server.rb:95:in `start'
  /Users/guilherme/.rvm/rubies/ruby-1.8.7-p249/lib/ruby/1.8/webrick/server.rb:92:in `each'
  /Users/guilherme/.rvm/rubies/ruby-1.8.7-p249/lib/ruby/1.8/webrick/server.rb:92:in `start'
  /Users/guilherme/.rvm/rubies/ruby-1.8.7-p249/lib/ruby/1.8/webrick/server.rb:23:in `start'
  /Users/guilherme/.rvm/rubies/ruby-1.8.7-p249/lib/ruby/1.8/webrick/server.rb:82:in `start'

Rendered rescues/_trace (44.2ms)
Rendered rescues/_request_and_response (0.3ms)
Rendering rescues/layout (internal_server_error)
